<?xml version="1.0" encoding="UTF-8"?>
<!-- Generated by org.testng.reporters.JUnitReportReporter -->
<testsuite hostname="LAPTOP-ATI1PMBG" failures="0" tests="1" name="EndToEnd.CreateProjectEndToEnd" time="3.675" errors="0" timestamp="2021-10-30T23:44:44 IST" skipped="0">
  <testcase classname="EndToEnd.CreateProjectEndToEnd" name="createProjectAndVerifyInDB" time="3.675"/>
  <system-out/>
</testsuite> <!-- EndToEnd.CreateProjectEndToEnd -->
